#
# There is insufficient memory for the Java Runtime Environment to continue.
# Native memory allocation (malloc) failed to allocate 174080 bytes. Error detail: Chunk::new
# Possible reasons:
#   The system is out of physical RAM or swap space
#   This process is running with CompressedOops enabled, and the Java Heap may be blocking the growth of the native heap
# Possible solutions:
#   Reduce memory load on the system
#   Increase physical memory or swap space
#   Check if swap backing store is full
#   Decrease Java heap size (-Xmx/-Xms)
#   Decrease number of Java threads
#   Decrease Java thread stack sizes (-Xss)
#   Set larger code cache with -XX:ReservedCodeCacheSize=
#   JVM is running with Unscaled Compressed Oops mode in which the Java heap is
#     placed in the first 4GB address space. The Java Heap base address is the
#     maximum limit for the native heap growth. Please use -XX:HeapBaseMinAddress
#     to set the Java Heap base and to place the Java Heap above 4GB virtual address.
# This output file may be truncated or incomplete.
#
#  Out of Memory Error (arena.cpp:191), pid=6452, tid=15488
#
# JRE version: OpenJDK Runtime Environment Temurin-17.0.15+6 (17.0.15+6) (build 17.0.15+6)
# Java VM: OpenJDK 64-Bit Server VM Temurin-17.0.15+6 (17.0.15+6, mixed mode, sharing, tiered, compressed oops, compressed class ptrs, g1 gc, windows-amd64)
# No core dump will be written. Minidumps are not enabled by default on client versions of Windows
#

---------------  S U M M A R Y ------------

Command Line: -Xmx64m -Xms64m -Dorg.gradle.appname=gradlew org.gradle.wrapper.GradleWrapperMain app:installDebug -PreactNativeDevServerPort=8081

Host: 11th Gen Intel(R) Core(TM) i7-1165G7 @ 2.80GHz, 8 cores, 15G,  Windows 11 , 64 bit Build 26100 (10.0.26100.3912)
Time: Tue Jun  3 02:07:03 2025  Windows 11 , 64 bit Build 26100 (10.0.26100.3912) elapsed time: 104.052982 seconds (0d 0h 1m 44s)

---------------  T H R E A D  ---------------

Current thread (0x000001e8ff5fa470):  JavaThread "C2 CompilerThread0" daemon [_thread_in_native, id=15488, stack(0x000000bd63100000,0x000000bd63200000)]


Current CompileTask:
C2: 104053 1934       4       java.util.AbstractList::equals (117 bytes)

Stack: [0x000000bd63100000,0x000000bd63200000]
Native frames: (J=compiled Java code, j=interpreted, Vv=VM code, C=native code)
V  [jvm.dll+0x682fc9]
V  [jvm.dll+0x839878]
V  [jvm.dll+0x83b323]
V  [jvm.dll+0x83b993]
V  [jvm.dll+0x24725f]
V  [jvm.dll+0xacea4]
V  [jvm.dll+0xad53c]
V  [jvm.dll+0x365c6e]
V  [jvm.dll+0x32fe58]
V  [jvm.dll+0x32f2da]
V  [jvm.dll+0x21824f]
V  [jvm.dll+0x21768f]
V  [jvm.dll+0x1a31b0]
V  [jvm.dll+0x227a9c]
V  [jvm.dll+0x225bfb]
V  [jvm.dll+0x7ef018]
V  [jvm.dll+0x7e94dc]
V  [jvm.dll+0x681ea7]
C  [ucrtbase.dll+0x37b0]
C  [KERNEL32.DLL+0x2e8d7]
C  [ntdll.dll+0x9c5dc]


---------------  P R O C E S S  ---------------

Threads class SMR info:
_java_thread_list=0x000001e8dcfff840, length=13, elements={
0x000001e8fc60d3a0, 0x000001e8ff5b47d0, 0x000001e8ff5b52a0, 0x000001e8ff5d3210,
0x000001e8ff5d3ae0, 0x000001e8ff5d4b50, 0x000001e8ff5d5bc0, 0x000001e8ff5fa470,
0x000001e8ff5fb520, 0x000001e8ff60add0, 0x000001e896c2d570, 0x000001e896c2bc20,
0x000001e896c2c130
}

Java Threads: ( => current thread )
  0x000001e8fc60d3a0 JavaThread "main" [_thread_in_native, id=20428, stack(0x000000bd62400000,0x000000bd62500000)]
  0x000001e8ff5b47d0 JavaThread "Reference Handler" daemon [_thread_blocked, id=6916, stack(0x000000bd62b00000,0x000000bd62c00000)]
  0x000001e8ff5b52a0 JavaThread "Finalizer" daemon [_thread_blocked, id=19120, stack(0x000000bd62c00000,0x000000bd62d00000)]
  0x000001e8ff5d3210 JavaThread "Signal Dispatcher" daemon [_thread_blocked, id=3240, stack(0x000000bd62d00000,0x000000bd62e00000)]
  0x000001e8ff5d3ae0 JavaThread "Attach Listener" daemon [_thread_blocked, id=6892, stack(0x000000bd62e00000,0x000000bd62f00000)]
  0x000001e8ff5d4b50 JavaThread "Service Thread" daemon [_thread_blocked, id=9044, stack(0x000000bd62f00000,0x000000bd63000000)]
  0x000001e8ff5d5bc0 JavaThread "Monitor Deflation Thread" daemon [_thread_blocked, id=8896, stack(0x000000bd63000000,0x000000bd63100000)]
=>0x000001e8ff5fa470 JavaThread "C2 CompilerThread0" daemon [_thread_in_native, id=15488, stack(0x000000bd63100000,0x000000bd63200000)]
  0x000001e8ff5fb520 JavaThread "C1 CompilerThread0" daemon [_thread_blocked, id=18588, stack(0x000000bd63200000,0x000000bd63300000)]
  0x000001e8ff60add0 JavaThread "Sweeper thread" daemon [_thread_blocked, id=2744, stack(0x000000bd63300000,0x000000bd63400000)]
  0x000001e896c2d570 JavaThread "Notification Thread" daemon [_thread_blocked, id=17336, stack(0x000000bd63400000,0x000000bd63500000)]
  0x000001e896c2bc20 JavaThread "Common-Cleaner" daemon [_thread_blocked, id=3560, stack(0x000000bd63600000,0x000000bd63700000)]
  0x000001e896c2c130 JavaThread "pool-1-thread-1" [_thread_blocked, id=10712, stack(0x000000bd63c00000,0x000000bd63d00000)]

Other Threads:
  0x000001e8ff5b0bf0 VMThread "VM Thread" [stack: 0x000000bd62a00000,0x000000bd62b00000] [id=5560]
  0x000001e896c2ecb0 WatcherThread [stack: 0x000000bd63500000,0x000000bd63600000] [id=1780]
  0x000001e8fc62f670 GCTaskThread "GC Thread#0" [stack: 0x000000bd62500000,0x000000bd62600000] [id=19544]
  0x000001e8dc17aaf0 GCTaskThread "GC Thread#1" [stack: 0x000000bd63900000,0x000000bd63a00000] [id=11228]
  0x000001e8dc204e90 GCTaskThread "GC Thread#2" [stack: 0x000000bd63a00000,0x000000bd63b00000] [id=11948]
  0x000001e8dc0f9e10 GCTaskThread "GC Thread#3" [stack: 0x000000bd63b00000,0x000000bd63c00000] [id=3332]
  0x000001e8dd0d9cd0 GCTaskThread "GC Thread#4" [stack: 0x000000bd63700000,0x000000bd63800000] [id=8164]
  0x000001e8dcd46020 GCTaskThread "GC Thread#5" [stack: 0x000000bd63800000,0x000000bd63900000] [id=7484]
  0x000001e8dd66e8b0 GCTaskThread "GC Thread#6" [stack: 0x000000bd63d00000,0x000000bd63e00000] [id=10400]
  0x000001e8fc630cd0 ConcurrentGCThread "G1 Main Marker" [stack: 0x000000bd62600000,0x000000bd62700000] [id=10272]
  0x000001e8fc632a70 ConcurrentGCThread "G1 Conc#0" [stack: 0x000000bd62700000,0x000000bd62800000] [id=6920]
  0x000001e8fc6ba2b0 ConcurrentGCThread "G1 Refine#0" [stack: 0x000000bd62800000,0x000000bd62900000] [id=20392]
  0x000001e8fc6bbaa0 ConcurrentGCThread "G1 Service" [stack: 0x000000bd62900000,0x000000bd62a00000] [id=10784]

Threads with active compile tasks:
C2 CompilerThread0   104073 1934       4       java.util.AbstractList::equals (117 bytes)

VM state: not at safepoint (normal execution)

VM Mutex/Monitor currently owned by a thread: None

Heap address: 0x00000000fc000000, size: 64 MB, Compressed Oops mode: 32-bit

CDS archive(s) mapped at: [0x000001e897000000-0x000001e897bb0000-0x000001e897bb0000), size 12255232, SharedBaseAddress: 0x000001e897000000, ArchiveRelocationMode: 1.
Compressed class space mapped at: 0x000001e898000000-0x000001e8d8000000, reserved size: 1073741824
Narrow klass base: 0x000001e897000000, Narrow klass shift: 0, Narrow klass range: 0x100000000

GC Precious Log:
 CPUs: 8 total, 8 available
 Memory: 16092M
 Large Page Support: Disabled
 NUMA Support: Disabled
 Compressed Oops: Enabled (32-bit)
 Heap Region Size: 1M
 Heap Min Capacity: 64M
 Heap Initial Capacity: 64M
 Heap Max Capacity: 64M
 Pre-touch: Disabled
 Parallel Workers: 8
 Concurrent Workers: 2
 Concurrent Refinement Workers: 8
 Periodic GC: Disabled

Heap:
 garbage-first heap   total 65536K, used 19359K [0x00000000fc000000, 0x0000000100000000)
  region size 1024K, 13 young (13312K), 4 survivors (4096K)
 Metaspace       used 9614K, committed 9856K, reserved 1114112K
  class space    used 1264K, committed 1344K, reserved 1048576K

Heap Regions: E=young(eden), S=young(survivor), O=old, HS=humongous(starts), HC=humongous(continues), CS=collection set, F=free, OA=open archive, CA=closed archive, TAMS=top-at-mark-start (previous, next)
|   0|0x00000000fc000000, 0x00000000fc100000, 0x00000000fc100000|100%|HS|  |TAMS 0x00000000fc000000, 0x00000000fc000000| Complete 
|   1|0x00000000fc100000, 0x00000000fc200000, 0x00000000fc200000|100%|HC|  |TAMS 0x00000000fc100000, 0x00000000fc100000| Complete 
|   2|0x00000000fc200000, 0x00000000fc300000, 0x00000000fc300000|100%|HC|  |TAMS 0x00000000fc200000, 0x00000000fc200000| Complete 
|   3|0x00000000fc300000, 0x00000000fc400000, 0x00000000fc400000|100%| O|  |TAMS 0x00000000fc300000, 0x00000000fc300000| Untracked 
|   4|0x00000000fc400000, 0x00000000fc500000, 0x00000000fc500000|100%| O|  |TAMS 0x00000000fc400000, 0x00000000fc400000| Untracked 
|   5|0x00000000fc500000, 0x00000000fc600000, 0x00000000fc600000|100%| O|  |TAMS 0x00000000fc500000, 0x00000000fc500000| Untracked 
|   6|0x00000000fc600000, 0x00000000fc6e7c00, 0x00000000fc700000| 90%| O|  |TAMS 0x00000000fc600000, 0x00000000fc600000| Untracked 
|   7|0x00000000fc700000, 0x00000000fc700000, 0x00000000fc800000|  0%| F|  |TAMS 0x00000000fc700000, 0x00000000fc700000| Untracked 
|   8|0x00000000fc800000, 0x00000000fc800000, 0x00000000fc900000|  0%| F|  |TAMS 0x00000000fc800000, 0x00000000fc800000| Untracked 
|   9|0x00000000fc900000, 0x00000000fc900000, 0x00000000fca00000|  0%| F|  |TAMS 0x00000000fc900000, 0x00000000fc900000| Untracked 
|  10|0x00000000fca00000, 0x00000000fca00000, 0x00000000fcb00000|  0%| F|  |TAMS 0x00000000fca00000, 0x00000000fca00000| Untracked 
|  11|0x00000000fcb00000, 0x00000000fcb00000, 0x00000000fcc00000|  0%| F|  |TAMS 0x00000000fcb00000, 0x00000000fcb00000| Untracked 
|  12|0x00000000fcc00000, 0x00000000fcc00000, 0x00000000fcd00000|  0%| F|  |TAMS 0x00000000fcc00000, 0x00000000fcc00000| Untracked 
|  13|0x00000000fcd00000, 0x00000000fcd00000, 0x00000000fce00000|  0%| F|  |TAMS 0x00000000fcd00000, 0x00000000fcd00000| Untracked 
|  14|0x00000000fce00000, 0x00000000fce00000, 0x00000000fcf00000|  0%| F|  |TAMS 0x00000000fce00000, 0x00000000fce00000| Untracked 
|  15|0x00000000fcf00000, 0x00000000fcf00000, 0x00000000fd000000|  0%| F|  |TAMS 0x00000000fcf00000, 0x00000000fcf00000| Untracked 
|  16|0x00000000fd000000, 0x00000000fd000000, 0x00000000fd100000|  0%| F|  |TAMS 0x00000000fd000000, 0x00000000fd000000| Untracked 
|  17|0x00000000fd100000, 0x00000000fd100000, 0x00000000fd200000|  0%| F|  |TAMS 0x00000000fd100000, 0x00000000fd100000| Untracked 
|  18|0x00000000fd200000, 0x00000000fd200000, 0x00000000fd300000|  0%| F|  |TAMS 0x00000000fd200000, 0x00000000fd200000| Untracked 
|  19|0x00000000fd300000, 0x00000000fd300000, 0x00000000fd400000|  0%| F|  |TAMS 0x00000000fd300000, 0x00000000fd300000| Untracked 
|  20|0x00000000fd400000, 0x00000000fd400000, 0x00000000fd500000|  0%| F|  |TAMS 0x00000000fd400000, 0x00000000fd400000| Untracked 
|  21|0x00000000fd500000, 0x00000000fd500000, 0x00000000fd600000|  0%| F|  |TAMS 0x00000000fd500000, 0x00000000fd500000| Untracked 
|  22|0x00000000fd600000, 0x00000000fd600000, 0x00000000fd700000|  0%| F|  |TAMS 0x00000000fd600000, 0x00000000fd600000| Untracked 
|  23|0x00000000fd700000, 0x00000000fd700000, 0x00000000fd800000|  0%| F|  |TAMS 0x00000000fd700000, 0x00000000fd700000| Untracked 
|  24|0x00000000fd800000, 0x00000000fd800000, 0x00000000fd900000|  0%| F|  |TAMS 0x00000000fd800000, 0x00000000fd800000| Untracked 
|  25|0x00000000fd900000, 0x00000000fd900000, 0x00000000fda00000|  0%| F|  |TAMS 0x00000000fd900000, 0x00000000fd900000| Untracked 
|  26|0x00000000fda00000, 0x00000000fda00000, 0x00000000fdb00000|  0%| F|  |TAMS 0x00000000fda00000, 0x00000000fda00000| Untracked 
|  27|0x00000000fdb00000, 0x00000000fdb00000, 0x00000000fdc00000|  0%| F|  |TAMS 0x00000000fdb00000, 0x00000000fdb00000| Untracked 
|  28|0x00000000fdc00000, 0x00000000fdd00000, 0x00000000fdd00000|100%| S|CS|TAMS 0x00000000fdc00000, 0x00000000fdc00000| Complete 
|  29|0x00000000fdd00000, 0x00000000fde00000, 0x00000000fde00000|100%| S|CS|TAMS 0x00000000fdd00000, 0x00000000fdd00000| Complete 
|  30|0x00000000fde00000, 0x00000000fdf00000, 0x00000000fdf00000|100%| S|CS|TAMS 0x00000000fde00000, 0x00000000fde00000| Complete 
|  31|0x00000000fdf00000, 0x00000000fe000000, 0x00000000fe000000|100%| S|CS|TAMS 0x00000000fdf00000, 0x00000000fdf00000| Complete 
|  32|0x00000000fe000000, 0x00000000fe000000, 0x00000000fe100000|  0%| F|  |TAMS 0x00000000fe000000, 0x00000000fe000000| Untracked 
|  33|0x00000000fe100000, 0x00000000fe100000, 0x00000000fe200000|  0%| F|  |TAMS 0x00000000fe100000, 0x00000000fe100000| Untracked 
|  34|0x00000000fe200000, 0x00000000fe200000, 0x00000000fe300000|  0%| F|  |TAMS 0x00000000fe200000, 0x00000000fe200000| Untracked 
|  35|0x00000000fe300000, 0x00000000fe300000, 0x00000000fe400000|  0%| F|  |TAMS 0x00000000fe300000, 0x00000000fe300000| Untracked 
|  36|0x00000000fe400000, 0x00000000fe400000, 0x00000000fe500000|  0%| F|  |TAMS 0x00000000fe400000, 0x00000000fe400000| Untracked 
|  37|0x00000000fe500000, 0x00000000fe500000, 0x00000000fe600000|  0%| F|  |TAMS 0x00000000fe500000, 0x00000000fe500000| Untracked 
|  38|0x00000000fe600000, 0x00000000fe600000, 0x00000000fe700000|  0%| F|  |TAMS 0x00000000fe600000, 0x00000000fe600000| Untracked 
|  39|0x00000000fe700000, 0x00000000fe700000, 0x00000000fe800000|  0%| F|  |TAMS 0x00000000fe700000, 0x00000000fe700000| Untracked 
|  40|0x00000000fe800000, 0x00000000fe800000, 0x00000000fe900000|  0%| F|  |TAMS 0x00000000fe800000, 0x00000000fe800000| Untracked 
|  41|0x00000000fe900000, 0x00000000fe900000, 0x00000000fea00000|  0%| F|  |TAMS 0x00000000fe900000, 0x00000000fe900000| Untracked 
|  42|0x00000000fea00000, 0x00000000fea00000, 0x00000000feb00000|  0%| F|  |TAMS 0x00000000fea00000, 0x00000000fea00000| Untracked 
|  43|0x00000000feb00000, 0x00000000feb00000, 0x00000000fec00000|  0%| F|  |TAMS 0x00000000feb00000, 0x00000000feb00000| Untracked 
|  44|0x00000000fec00000, 0x00000000fec00000, 0x00000000fed00000|  0%| F|  |TAMS 0x00000000fec00000, 0x00000000fec00000| Untracked 
|  45|0x00000000fed00000, 0x00000000fed00000, 0x00000000fee00000|  0%| F|  |TAMS 0x00000000fed00000, 0x00000000fed00000| Untracked 
|  46|0x00000000fee00000, 0x00000000fee00000, 0x00000000fef00000|  0%| F|  |TAMS 0x00000000fee00000, 0x00000000fee00000| Untracked 
|  47|0x00000000fef00000, 0x00000000fef00000, 0x00000000ff000000|  0%| F|  |TAMS 0x00000000fef00000, 0x00000000fef00000| Untracked 
|  48|0x00000000ff000000, 0x00000000ff000000, 0x00000000ff100000|  0%| F|  |TAMS 0x00000000ff000000, 0x00000000ff000000| Untracked 
|  49|0x00000000ff100000, 0x00000000ff100000, 0x00000000ff200000|  0%| F|  |TAMS 0x00000000ff100000, 0x00000000ff100000| Untracked 
|  50|0x00000000ff200000, 0x00000000ff200000, 0x00000000ff300000|  0%| F|  |TAMS 0x00000000ff200000, 0x00000000ff200000| Untracked 
|  51|0x00000000ff300000, 0x00000000ff300000, 0x00000000ff400000|  0%| F|  |TAMS 0x00000000ff300000, 0x00000000ff300000| Untracked 
|  52|0x00000000ff400000, 0x00000000ff400000, 0x00000000ff500000|  0%| F|  |TAMS 0x00000000ff400000, 0x00000000ff400000| Untracked 
|  53|0x00000000ff500000, 0x00000000ff500000, 0x00000000ff600000|  0%| F|  |TAMS 0x00000000ff500000, 0x00000000ff500000| Untracked 
|  54|0x00000000ff600000, 0x00000000ff600000, 0x00000000ff700000|  0%| F|  |TAMS 0x00000000ff600000, 0x00000000ff600000| Untracked 
|  55|0x00000000ff700000, 0x00000000ff723f28, 0x00000000ff800000| 14%| E|  |TAMS 0x00000000ff700000, 0x00000000ff700000| Complete 
|  56|0x00000000ff800000, 0x00000000ff900000, 0x00000000ff900000|100%| E|CS|TAMS 0x00000000ff800000, 0x00000000ff800000| Complete 
|  57|0x00000000ff900000, 0x00000000ffa00000, 0x00000000ffa00000|100%| E|CS|TAMS 0x00000000ff900000, 0x00000000ff900000| Complete 
|  58|0x00000000ffa00000, 0x00000000ffb00000, 0x00000000ffb00000|100%| E|CS|TAMS 0x00000000ffa00000, 0x00000000ffa00000| Complete 
|  59|0x00000000ffb00000, 0x00000000ffc00000, 0x00000000ffc00000|100%| E|CS|TAMS 0x00000000ffb00000, 0x00000000ffb00000| Complete 
|  60|0x00000000ffc00000, 0x00000000ffd00000, 0x00000000ffd00000|100%| E|CS|TAMS 0x00000000ffc00000, 0x00000000ffc00000| Complete 
|  61|0x00000000ffd00000, 0x00000000ffe00000, 0x00000000ffe00000|100%| E|CS|TAMS 0x00000000ffd00000, 0x00000000ffd00000| Complete 
|  62|0x00000000ffe00000, 0x00000000fff00000, 0x00000000fff00000|100%| E|CS|TAMS 0x00000000ffe00000, 0x00000000ffe00000| Complete 
|  63|0x00000000fff00000, 0x0000000100000000, 0x0000000100000000|100%| E|CS|TAMS 0x00000000fff00000, 0x00000000fff00000| Complete 

Card table byte_map: [0x000001e8fa5b0000,0x000001e8fa5d0000] _byte_map_base: 0x000001e8f9dd0000

Marking Bits (Prev, Next): (CMBitMap*) 0x000001e8fc62fba0, (CMBitMap*) 0x000001e8fc62fbe0
 Prev Bits: [0x000001e8fc9f0000, 0x000001e8fcaf0000)
 Next Bits: [0x000001e8fcaf0000, 0x000001e8fcbf0000)

Polling page: 0x000001e8fa550000

Metaspace:

Usage:
  Non-class:      8.15 MB used.
      Class:      1.24 MB used.
       Both:      9.39 MB used.

Virtual space:
  Non-class space:       64.00 MB reserved,       8.31 MB ( 13%) committed,  1 nodes.
      Class space:        1.00 GB reserved,       1.31 MB ( <1%) committed,  1 nodes.
             Both:        1.06 GB reserved,       9.62 MB ( <1%) committed. 

Chunk freelists:
   Non-Class:  7.67 MB
       Class:  14.63 MB
        Both:  22.30 MB

MaxMetaspaceSize: unlimited
CompressedClassSpaceSize: 1.00 GB
Initial GC threshold: 21.00 MB
Current GC threshold: 21.00 MB
CDS: on
MetaspaceReclaimPolicy: balanced
 - commit_granule_bytes: 65536.
 - commit_granule_words: 8192.
 - virtual_space_node_default_size: 8388608.
 - enlarge_chunks_in_place: 1.
 - new_chunks_are_fully_committed: 0.
 - uncommit_free_chunks: 1.
 - use_allocation_guard: 0.
 - handle_deallocations: 1.


Internal statistics:

num_allocs_failed_limit: 0.
num_arena_births: 80.
num_arena_deaths: 0.
num_vsnodes_births: 2.
num_vsnodes_deaths: 0.
num_space_committed: 154.
num_space_uncommitted: 0.
num_chunks_returned_to_freelist: 0.
num_chunks_taken_from_freelist: 348.
num_chunk_merges: 0.
num_chunk_splits: 228.
num_chunks_enlarged: 184.
num_inconsistent_stats: 0.

CodeHeap 'non-profiled nmethods': size=120000Kb used=796Kb max_used=796Kb free=119203Kb
 bounds [0x000001e88f570000, 0x000001e88f7e0000, 0x000001e896aa0000]
CodeHeap 'profiled nmethods': size=120000Kb used=3573Kb max_used=3573Kb free=116426Kb
 bounds [0x000001e887aa0000, 0x000001e887e20000, 0x000001e88efd0000]
CodeHeap 'non-nmethods': size=5760Kb used=1193Kb max_used=1214Kb free=4566Kb
 bounds [0x000001e88efd0000, 0x000001e88f240000, 0x000001e88f570000]
 total_blobs=2407 nmethods=1934 adapters=385
 compilation: enabled
              stopped_count=0, restarted_count=0
 full_count=0

Compilation events (20 events):
Event: 79.674 Thread 0x000001e8ff5fb520 nmethod 1925 0x000001e887e19910 code [0x000001e887e19ae0, 0x000001e887e19f08]
Event: 79.675 Thread 0x000001e8ff5fb520 1926       3       java.util.ArrayList$ListItr::previous (59 bytes)
Event: 79.675 Thread 0x000001e8ff5fb520 nmethod 1926 0x000001e887e1a090 code [0x000001e887e1a280, 0x000001e887e1a688]
Event: 79.675 Thread 0x000001e8ff5fb520 1927       3       org.fusesource.jansi.Ansi::fg (17 bytes)
Event: 79.676 Thread 0x000001e8ff5fb520 nmethod 1927 0x000001e887e1a890 code [0x000001e887e1aaa0, 0x000001e887e1b248]
Event: 79.785 Thread 0x000001e8ff5fb520 1928       3       sun.nio.cs.StreamEncoder::writeBytes (139 bytes)
Event: 79.786 Thread 0x000001e8ff5fb520 nmethod 1928 0x000001e887e1b590 code [0x000001e887e1b800, 0x000001e887e1c1d8]
Event: 86.475 Thread 0x000001e8ff5fa470 1929       4       java.util.ArrayList::iterator (9 bytes)
Event: 86.477 Thread 0x000001e8ff5fa470 nmethod 1929 0x000001e88f635510 code [0x000001e88f6356a0, 0x000001e88f635798]
Event: 89.909 Thread 0x000001e8ff5fa470 1930       4       java.util.LinkedHashMap$LinkedValueIterator::next (8 bytes)
Event: 89.915 Thread 0x000001e8ff5fa470 nmethod 1930 0x000001e88f635890 code [0x000001e88f635a00, 0x000001e88f635c78]
Event: 95.473 Thread 0x000001e8ff5fa470 1931       4       com.google.common.collect.RegularImmutableList::get (7 bytes)
Event: 95.475 Thread 0x000001e8ff5fa470 nmethod 1931 0x000001e88f635d90 code [0x000001e88f635f00, 0x000001e88f635fb8]
Event: 96.410 Thread 0x000001e8ff5fa470 1932       4       java.lang.AbstractStringBuilder::insert (54 bytes)
Event: 97.423 Thread 0x000001e8ff5fa470 nmethod 1932 0x000001e88f636090 code [0x000001e88f636240, 0x000001e88f636b68]
Event: 98.404 Thread 0x000001e8ff5fa470 1933       4       jdk.internal.misc.Unsafe::putReferenceOpaque (9 bytes)
Event: 98.406 Thread 0x000001e8ff5fa470 nmethod 1933 0x000001e88f637010 code [0x000001e88f637180, 0x000001e88f6372b8]
Event: 101.001 Thread 0x000001e8ff5fa470 1934       4       java.util.AbstractList::equals (117 bytes)
Event: 103.201 Thread 0x000001e8ff5fb520 1936       3       sun.nio.cs.StreamEncoder::implWrite (137 bytes)
Event: 103.203 Thread 0x000001e8ff5fb520 nmethod 1936 0x000001e887e1c510 code [0x000001e887e1c780, 0x000001e887e1d108]

GC Heap History (4 events):
Event: 0.574 GC heap before
{Heap before GC invocations=0 (full 0):
 garbage-first heap   total 65536K, used 23552K [0x00000000fc000000, 0x0000000100000000)
  region size 1024K, 23 young (23552K), 0 survivors (0K)
 Metaspace       used 1816K, committed 1920K, reserved 1114112K
  class space    used 166K, committed 192K, reserved 1048576K
}
Event: 0.577 GC heap after
{Heap after GC invocations=1 (full 0):
 garbage-first heap   total 65536K, used 2304K [0x00000000fc000000, 0x0000000100000000)
  region size 1024K, 3 young (3072K), 3 survivors (3072K)
 Metaspace       used 1816K, committed 1920K, reserved 1114112K
  class space    used 166K, committed 192K, reserved 1048576K
}
Event: 1.979 GC heap before
{Heap before GC invocations=1 (full 0):
 garbage-first heap   total 65536K, used 34048K [0x00000000fc000000, 0x0000000100000000)
  region size 1024K, 32 young (32768K), 3 survivors (3072K)
 Metaspace       used 7598K, committed 7744K, reserved 1114112K
  class space    used 1041K, committed 1088K, reserved 1048576K
}
Event: 1.985 GC heap after
{Heap after GC invocations=2 (full 0):
 garbage-first heap   total 65536K, used 11167K [0x00000000fc000000, 0x0000000100000000)
  region size 1024K, 4 young (4096K), 4 survivors (4096K)
 Metaspace       used 7598K, committed 7744K, reserved 1114112K
  class space    used 1041K, committed 1088K, reserved 1048576K
}

Dll operation events (13 events):
Event: 0.014 Loaded shared library C:\Users\user\AppData\Local\Programs\Eclipse Adoptium\jdk-17.0.15.6-hotspot\bin\java.dll
Event: 0.034 Loaded shared library C:\Users\user\AppData\Local\Programs\Eclipse Adoptium\jdk-17.0.15.6-hotspot\bin\jsvml.dll
Event: 0.075 Loaded shared library C:\Users\user\AppData\Local\Programs\Eclipse Adoptium\jdk-17.0.15.6-hotspot\bin\net.dll
Event: 0.077 Loaded shared library C:\Users\user\AppData\Local\Programs\Eclipse Adoptium\jdk-17.0.15.6-hotspot\bin\nio.dll
Event: 0.081 Loaded shared library C:\Users\user\AppData\Local\Programs\Eclipse Adoptium\jdk-17.0.15.6-hotspot\bin\zip.dll
Event: 0.084 Loaded shared library C:\Users\user\AppData\Local\Programs\Eclipse Adoptium\jdk-17.0.15.6-hotspot\bin\verify.dll
Event: 0.524 Loaded shared library C:\Users\user\AppData\Local\Programs\Eclipse Adoptium\jdk-17.0.15.6-hotspot\bin\jimage.dll
Event: 1.037 Loaded shared library C:\Users\user\AppData\Local\Programs\Eclipse Adoptium\jdk-17.0.15.6-hotspot\bin\management.dll
Event: 1.052 Loaded shared library C:\Users\user\AppData\Local\Programs\Eclipse Adoptium\jdk-17.0.15.6-hotspot\bin\management_ext.dll
Event: 1.115 Loaded shared library C:\Users\user\.gradle\native\1def1411415f61bf3af743bc5b6707747c0891f09f0c88961ee8f79bc544acac\windows-amd64\native-platform.dll
Event: 1.167 Loaded shared library C:\Users\user\.gradle\native\jansi\1.18\windows64\jansi.dll
Event: 1.877 Loaded shared library C:\Users\user\AppData\Local\Programs\Eclipse Adoptium\jdk-17.0.15.6-hotspot\bin\extnet.dll
Event: 2.105 Loaded shared library C:\Users\user\AppData\Local\Programs\Eclipse Adoptium\jdk-17.0.15.6-hotspot\bin\sunmscapi.dll

Deoptimization events (20 events):
Event: 2.129 Thread 0x000001e8fc60d3a0 DEOPT PACKING pc=0x000001e88f5b9088 sp=0x000000bd624faf10
Event: 2.129 Thread 0x000001e8fc60d3a0 DEOPT UNPACKING pc=0x000001e88f02a1a3 sp=0x000000bd624fae48 mode 2
Event: 2.132 Thread 0x000001e8fc60d3a0 Uncommon trap: trap_request=0xffffffde fr.pc=0x000001e88f5a5374 relative=0x0000000000000074
Event: 2.132 Thread 0x000001e8fc60d3a0 Uncommon trap: reason=class_check action=maybe_recompile pc=0x000001e88f5a5374 method=java.util.AbstractList$Itr.hasNext()Z @ 8 c2
Event: 2.132 Thread 0x000001e8fc60d3a0 DEOPT PACKING pc=0x000001e88f5a5374 sp=0x000000bd624fc070
Event: 2.132 Thread 0x000001e8fc60d3a0 DEOPT UNPACKING pc=0x000001e88f02a1a3 sp=0x000000bd624fc008 mode 2
Event: 2.132 Thread 0x000001e8fc60d3a0 Uncommon trap: trap_request=0xffffffde fr.pc=0x000001e88f5a5cd4 relative=0x00000000000000b4
Event: 2.132 Thread 0x000001e8fc60d3a0 Uncommon trap: reason=class_check action=maybe_recompile pc=0x000001e88f5a5cd4 method=java.util.AbstractList$Itr.next()Ljava/lang/Object; @ 14 c2
Event: 2.132 Thread 0x000001e8fc60d3a0 DEOPT PACKING pc=0x000001e88f5a5cd4 sp=0x000000bd624fc060
Event: 2.132 Thread 0x000001e8fc60d3a0 DEOPT UNPACKING pc=0x000001e88f02a1a3 sp=0x000000bd624fbff8 mode 2
Event: 2.147 Thread 0x000001e8fc60d3a0 DEOPT PACKING pc=0x000001e887ba5c9b sp=0x000000bd624f8670
Event: 2.147 Thread 0x000001e8fc60d3a0 DEOPT UNPACKING pc=0x000001e88f02ace3 sp=0x000000bd624f7bb0 mode 0
Event: 2.166 Thread 0x000001e8fc60d3a0 Uncommon trap: trap_request=0xffffffde fr.pc=0x000001e88f5a5374 relative=0x0000000000000074
Event: 2.166 Thread 0x000001e8fc60d3a0 Uncommon trap: reason=class_check action=maybe_recompile pc=0x000001e88f5a5374 method=java.util.AbstractList$Itr.hasNext()Z @ 8 c2
Event: 2.166 Thread 0x000001e8fc60d3a0 DEOPT PACKING pc=0x000001e88f5a5374 sp=0x000000bd624fcfe0
Event: 2.166 Thread 0x000001e8fc60d3a0 DEOPT UNPACKING pc=0x000001e88f02a1a3 sp=0x000000bd624fcf78 mode 2
Event: 2.210 Thread 0x000001e896c2c130 Uncommon trap: trap_request=0xffffffde fr.pc=0x000001e88f5a5cd4 relative=0x00000000000000b4
Event: 2.210 Thread 0x000001e896c2c130 Uncommon trap: reason=class_check action=maybe_recompile pc=0x000001e88f5a5cd4 method=java.util.AbstractList$Itr.next()Ljava/lang/Object; @ 14 c2
Event: 2.210 Thread 0x000001e896c2c130 DEOPT PACKING pc=0x000001e88f5a5cd4 sp=0x000000bd63cfedf0
Event: 2.210 Thread 0x000001e896c2c130 DEOPT UNPACKING pc=0x000001e88f02a1a3 sp=0x000000bd63cfed88 mode 2

Classes loaded (20 events):
Event: 24.897 Loading class jdk/internal/logger/LazyLoggers$LazyLoggerFactories
Event: 24.897 Loading class jdk/internal/logger/LazyLoggers$LazyLoggerFactories done
Event: 24.898 Loading class jdk/internal/logger/LoggerFinderLoader
Event: 24.898 Loading class jdk/internal/logger/LoggerFinderLoader done
Event: 24.898 Loading class jdk/internal/logger/LoggerFinderLoader$TemporaryLoggerFinder
Event: 24.899 Loading class jdk/internal/logger/LoggerFinderLoader$TemporaryLoggerFinder done
Event: 24.899 Loading class sun/util/logging/internal/LoggingProviderImpl$JULWrapper
Event: 24.900 Loading class sun/util/logging/PlatformLogger$ConfigurableBridge$LoggerConfiguration
Event: 24.900 Loading class sun/util/logging/PlatformLogger$ConfigurableBridge$LoggerConfiguration done
Event: 24.900 Loading class sun/util/logging/internal/LoggingProviderImpl$JULWrapper done
Event: 24.900 Loading class java/io/ObjectInputFilter
Event: 24.900 Loading class java/io/ObjectInputFilter done
Event: 24.901 Loading class java/io/ObjectInputFilter$Config$BuiltinFilterFactory
Event: 24.901 Loading class java/io/ObjectInputFilter$Config$BuiltinFilterFactory done
Event: 24.901 Loading class jdk/internal/access/JavaObjectInputFilterAccess
Event: 24.901 Loading class jdk/internal/access/JavaObjectInputFilterAccess done
Event: 24.902 Loading class java/lang/System$Logger$Level
Event: 24.902 Loading class java/lang/System$Logger$Level done
Event: 24.902 Loading class java/io/Bits
Event: 24.903 Loading class java/io/Bits done

Classes unloaded (0 events):
No events

Classes redefined (0 events):
No events

Internal exceptions (20 events):
Event: 1.034 Thread 0x000001e8fc60d3a0 Exception <a 'java/lang/NoSuchMethodError'{0x00000000ff2acf80}: 'java.lang.Object java.lang.invoke.DirectMethodHandle$Holder.invokeStaticInit(java.lang.Object)'> (0x00000000ff2acf80) 
thrown [s\src\hotspot\share\interpreter\linkResolver.cpp, line 759]
Event: 1.060 Thread 0x000001e8fc60d3a0 Exception <a 'java/lang/NoSuchMethodError'{0x00000000ff2c8460}: 'int java.lang.invoke.DirectMethodHandle$Holder.invokeSpecial(java.lang.Object, java.lang.Object, java.lang.Object)'> (0x00000000ff2c8460) 
thrown [s\src\hotspot\share\interpreter\linkResolver.cpp, line 759]
Event: 1.069 Thread 0x000001e8fc60d3a0 Exception <a 'java/lang/NoSuchMethodError'{0x00000000ff1048a0}: 'void java.lang.invoke.DirectMethodHandle$Holder.invokeStatic(java.lang.Object, java.lang.Object)'> (0x00000000ff1048a0) 
thrown [s\src\hotspot\share\interpreter\linkResolver.cpp, line 759]
Event: 1.072 Thread 0x000001e8fc60d3a0 Implicit null exception at 0x000001e88f5d448f to 0x000001e88f5d49d0
Event: 1.072 Thread 0x000001e8fc60d3a0 Implicit null exception at 0x000001e88f5ba38f to 0x000001e88f5ba8d0
Event: 1.072 Thread 0x000001e8fc60d3a0 Implicit null exception at 0x000001e88f59f10f to 0x000001e88f59f189
Event: 1.091 Thread 0x000001e8fc60d3a0 Exception <a 'java/lang/NoClassDefFoundError'{0x00000000ff183be0}: org/slf4j/impl/StaticMarkerBinder> (0x00000000ff183be0) 
thrown [s\src\hotspot\share\classfile\systemDictionary.cpp, line 245]
Event: 1.126 Thread 0x000001e8fc60d3a0 Exception <a 'java/lang/NoSuchMethodError'{0x00000000ff0af988}: 'java.lang.Object java.lang.invoke.Invokers$Holder.invoker(java.lang.Object, java.lang.Object, java.lang.Object)'> (0x00000000ff0af988) 
thrown [s\src\hotspot\share\interpreter\linkResolver.cpp, line 759]
Event: 1.128 Thread 0x000001e8fc60d3a0 Exception <a 'java/lang/NoSuchMethodError'{0x00000000ff0b8ae0}: 'java.lang.Object java.lang.invoke.DirectMethodHandle$Holder.invokeStatic(java.lang.Object, java.lang.Object, int)'> (0x00000000ff0b8ae0) 
thrown [s\src\hotspot\share\interpreter\linkResolver.cpp, line 759]
Event: 1.130 Thread 0x000001e8fc60d3a0 Exception <a 'java/lang/NoSuchMethodError'{0x00000000ff0c47d0}: 'void java.lang.invoke.DelegatingMethodHandle$Holder.delegate(java.lang.Object, java.lang.Object, int, java.lang.Object)'> (0x00000000ff0c47d0) 
thrown [s\src\hotspot\share\interpreter\linkResolver.cpp, line 759]
Event: 1.134 Thread 0x000001e8fc60d3a0 Exception <a 'java/lang/NoSuchMethodError'{0x00000000ff0d7e18}: 'java.lang.Object java.lang.invoke.Invokers$Holder.invokeExact_MT(java.lang.Object, java.lang.Object, java.lang.Object, java.lang.Object)'> (0x00000000ff0d7e18) 
thrown [s\src\hotspot\share\interpreter\linkResolver.cpp, line 759]
Event: 1.139 Thread 0x000001e8fc60d3a0 Exception <a 'java/lang/NoSuchMethodError'{0x00000000ff0fb520}: 'java.lang.Object java.lang.invoke.DirectMethodHandle$Holder.invokeVirtual(java.lang.Object, java.lang.Object, java.lang.Object)'> (0x00000000ff0fb520) 
thrown [s\src\hotspot\share\interpreter\linkResolver.cpp, line 759]
Event: 1.263 Thread 0x000001e8fc60d3a0 Exception <a 'java/lang/NoSuchMethodError'{0x00000000feb30b78}: 'java.lang.Object java.lang.invoke.DirectMethodHandle$Holder.newInvokeSpecial(java.lang.Object, java.lang.Object, java.lang.Object, java.lang.Object, java.lang.Object)'> (0x00000000feb30b78) 
thrown [s\src\hotspot\share\interpreter\linkResolver.cpp, line 759]
Event: 1.295 Thread 0x000001e8fc60d3a0 Exception <a 'java/lang/NoSuchMethodError'{0x00000000fea549b8}: 'void java.lang.invoke.DirectMethodHandle$Holder.invokeSpecial(java.lang.Object, java.lang.Object, java.lang.Object)'> (0x00000000fea549b8) 
thrown [s\src\hotspot\share\interpreter\linkResolver.cpp, line 759]
Event: 1.881 Thread 0x000001e8fc60d3a0 Exception <a 'java/lang/NoSuchMethodError'{0x00000000fe40ae50}: 'void java.lang.invoke.DirectMethodHandle$Holder.invokeStatic(java.lang.Object, java.lang.Object, java.lang.Object)'> (0x00000000fe40ae50) 
thrown [s\src\hotspot\share\interpreter\linkResolver.cpp, line 759]
Event: 1.932 Thread 0x000001e8fc60d3a0 Exception <a 'java/lang/NoSuchMethodError'{0x00000000fe29bd08}: 'java.lang.Object java.lang.invoke.DirectMethodHandle$Holder.newInvokeSpecial(java.lang.Object, java.lang.Object, java.lang.Object, java.lang.Object, java.lang.Object, java.lang.Object, java.lang.Object, java.lang.Object, java.lang.Object, java.lang.Object, java.lang.Object, java.lang.Object, java.lang.Object, java.lang.Object, java.lang.Object, java.lang.Object, java.lang.Object, java.lang.Object, java.lang.Object, java.lang.Object, java.lang
Event: 1.933 Thread 0x000001e8fc60d3a0 Exception <a 'java/lang/NoSuchMethodError'{0x00000000fe2a8310}: 'java.lang.Object java.lang.invoke.Invokers$Holder.linkToTargetMethod(java.lang.Object, java.lang.Object, java.lang.Object, java.lang.Object, java.lang.Object, java.lang.Object, java.lang.Object, java.lang.Object, java.lang.Object, java.lang.Object, java.lang.Object, java.lang.Object, java.lang.Object, java.lang.Object, java.lang.Object, java.lang.Object, java.lang.Object, java.lang.Object, java.lang.Object, java.lang.Object, java.lang.Object,
Event: 1.988 Thread 0x000001e8fc60d3a0 Exception <a 'java/lang/NoSuchMethodError'{0x00000000fff06d00}: 'java.lang.Object java.lang.invoke.DirectMethodHandle$Holder.invokeStaticInit(java.lang.Object, int, int, int, int)'> (0x00000000fff06d00) 
thrown [s\src\hotspot\share\interpreter\linkResolver.cpp, line 759]
Event: 2.058 Thread 0x000001e8fc60d3a0 Exception <a 'java/lang/NoSuchMethodError'{0x00000000ffe62710}: 'java.lang.Object java.lang.invoke.DirectMethodHandle$Holder.invokeStaticInit(java.lang.Object, java.lang.Object, int, int, int, int)'> (0x00000000ffe62710) 
thrown [s\src\hotspot\share\interpreter\linkResolver.cpp, line 759]
Event: 2.079 Thread 0x000001e8fc60d3a0 Implicit null exception at 0x000001e88f5b64f2 to 0x000001e88f5b6b30

VM Operations (20 events):
Event: 60.026 Executing VM operation: HandshakeAllThreads
Event: 60.026 Executing VM operation: HandshakeAllThreads done
Event: 73.156 Executing VM operation: Cleanup
Event: 73.156 Executing VM operation: Cleanup done
Event: 74.156 Executing VM operation: Cleanup
Event: 74.156 Executing VM operation: Cleanup done
Event: 79.183 Executing VM operation: Cleanup
Event: 79.183 Executing VM operation: Cleanup done
Event: 80.197 Executing VM operation: Cleanup
Event: 80.197 Executing VM operation: Cleanup done
Event: 83.260 Executing VM operation: Cleanup
Event: 83.260 Executing VM operation: Cleanup done
Event: 84.275 Executing VM operation: Cleanup
Event: 84.275 Executing VM operation: Cleanup done
Event: 87.297 Executing VM operation: Cleanup
Event: 87.297 Executing VM operation: Cleanup done
Event: 90.320 Executing VM operation: Cleanup
Event: 90.320 Executing VM operation: Cleanup done
Event: 96.379 Executing VM operation: Cleanup
Event: 96.379 Executing VM operation: Cleanup done

Memory protections (0 events):
No events

Nmethod flushes (0 events):
No events

Events (19 events):
Event: 0.034 Thread 0x000001e8fc60d3a0 Thread added: 0x000001e8fc60d3a0
Event: 0.037 Thread 0x000001e8fc60d3a0 Thread added: 0x000001e8ff5b47d0
Event: 0.038 Thread 0x000001e8fc60d3a0 Thread added: 0x000001e8ff5b52a0
Event: 0.055 Thread 0x000001e8fc60d3a0 Thread added: 0x000001e8ff5d3210
Event: 0.055 Thread 0x000001e8fc60d3a0 Thread added: 0x000001e8ff5d3ae0
Event: 0.055 Thread 0x000001e8fc60d3a0 Thread added: 0x000001e8ff5d4b50
Event: 0.055 Thread 0x000001e8fc60d3a0 Thread added: 0x000001e8ff5d5bc0
Event: 0.055 Thread 0x000001e8fc60d3a0 Thread added: 0x000001e8ff5fa470
Event: 0.055 Thread 0x000001e8fc60d3a0 Thread added: 0x000001e8ff5fb520
Event: 0.055 Thread 0x000001e8fc60d3a0 Thread added: 0x000001e8ff60add0
Event: 0.070 Thread 0x000001e8fc60d3a0 Thread added: 0x000001e896c2d570
Event: 0.071 Thread 0x000001e8fc60d3a0 Thread added: 0x000001e896c2bc20
Event: 0.507 Thread 0x000001e8ff5fb520 Thread added: 0x000001e896ef58f0
Event: 0.516 Thread 0x000001e8ff5fb520 Thread added: 0x000001e896f48fc0
Event: 1.200 Thread 0x000001e8fc60d3a0 Thread added: 0x000001e896c2c130
Event: 1.839 Thread 0x000001e896f48fc0 Thread exited: 0x000001e896f48fc0
Event: 1.839 Thread 0x000001e896ef58f0 Thread exited: 0x000001e896ef58f0
Event: 2.124 Thread 0x000001e8ff5fb520 Thread added: 0x000001e8dd16d050
Event: 2.441 Thread 0x000001e8dd16d050 Thread exited: 0x000001e8dd16d050


Dynamic libraries:
0x00007ff67d230000 - 0x00007ff67d23e000 	C:\Users\user\AppData\Local\Programs\Eclipse Adoptium\jdk-17.0.15.6-hotspot\bin\java.exe
0x00007fff2f260000 - 0x00007fff2f4c6000 	C:\WINDOWS\SYSTEM32\ntdll.dll
0x00007fff2e4d0000 - 0x00007fff2e599000 	C:\WINDOWS\System32\KERNEL32.DLL
0x00007fff2c8c0000 - 0x00007fff2cc8c000 	C:\WINDOWS\System32\KERNELBASE.dll
0x00007fff2cc90000 - 0x00007fff2cddb000 	C:\WINDOWS\System32\ucrtbase.dll
0x00007fff263d0000 - 0x00007fff263e7000 	C:\Users\user\AppData\Local\Programs\Eclipse Adoptium\jdk-17.0.15.6-hotspot\bin\jli.dll
0x00007fff2e1f0000 - 0x00007fff2e3ba000 	C:\WINDOWS\System32\USER32.dll
0x00007fff2ce70000 - 0x00007fff2ce97000 	C:\WINDOWS\System32\win32u.dll
0x00007fff13330000 - 0x00007fff135ca000 	C:\WINDOWS\WinSxS\amd64_microsoft.windows.common-controls_6595b64144ccf1df_6.0.26100.3912_none_3e07963ce335137e\COMCTL32.dll
0x00007fff2d400000 - 0x00007fff2d4a9000 	C:\WINDOWS\System32\msvcrt.dll
0x00007fff2d210000 - 0x00007fff2d23b000 	C:\WINDOWS\System32\GDI32.dll
0x00007fff263b0000 - 0x00007fff263ce000 	C:\Users\user\AppData\Local\Programs\Eclipse Adoptium\jdk-17.0.15.6-hotspot\bin\VCRUNTIME140.dll
0x00007fff2c6c0000 - 0x00007fff2c7f2000 	C:\WINDOWS\System32\gdi32full.dll
0x00007fff2c3f0000 - 0x00007fff2c493000 	C:\WINDOWS\System32\msvcp_win.dll
0x00007fff2e5a0000 - 0x00007fff2e5d0000 	C:\WINDOWS\System32\IMM32.DLL
0x00007fff26450000 - 0x00007fff2645c000 	C:\Users\user\AppData\Local\Programs\Eclipse Adoptium\jdk-17.0.15.6-hotspot\bin\vcruntime140_1.dll
0x00007fff1cb40000 - 0x00007fff1cbcd000 	C:\Users\user\AppData\Local\Programs\Eclipse Adoptium\jdk-17.0.15.6-hotspot\bin\msvcp140.dll
0x00007ffe99210000 - 0x00007ffe99e7b000 	C:\Users\user\AppData\Local\Programs\Eclipse Adoptium\jdk-17.0.15.6-hotspot\bin\server\jvm.dll
0x00007fff2da00000 - 0x00007fff2dab2000 	C:\WINDOWS\System32\ADVAPI32.dll
0x00007fff2e950000 - 0x00007fff2e9f6000 	C:\WINDOWS\System32\sechost.dll
0x00007fff2ea00000 - 0x00007fff2eb16000 	C:\WINDOWS\System32\RPCRT4.dll
0x00007fff2eb20000 - 0x00007fff2eb94000 	C:\WINDOWS\System32\WS2_32.dll
0x00007fff2b040000 - 0x00007fff2b09e000 	C:\WINDOWS\SYSTEM32\POWRPROF.dll
0x00007fff27170000 - 0x00007fff271a6000 	C:\WINDOWS\SYSTEM32\WINMM.dll
0x00007fff1aaf0000 - 0x00007fff1aafb000 	C:\WINDOWS\SYSTEM32\VERSION.dll
0x00007fff2b020000 - 0x00007fff2b034000 	C:\WINDOWS\SYSTEM32\UMPDC.dll
0x00007fff2b2d0000 - 0x00007fff2b2ea000 	C:\WINDOWS\SYSTEM32\kernel.appcore.dll
0x00007fff1c5b0000 - 0x00007fff1c5ba000 	C:\Users\user\AppData\Local\Programs\Eclipse Adoptium\jdk-17.0.15.6-hotspot\bin\jimage.dll
0x00007fff29d10000 - 0x00007fff29f51000 	C:\WINDOWS\SYSTEM32\DBGHELP.DLL
0x00007fff2d5c0000 - 0x00007fff2d944000 	C:\WINDOWS\System32\combase.dll
0x00007fff2f030000 - 0x00007fff2f110000 	C:\WINDOWS\System32\OLEAUT32.dll
0x00007fff27130000 - 0x00007fff27169000 	C:\WINDOWS\SYSTEM32\dbgcore.DLL
0x00007fff2c4a0000 - 0x00007fff2c539000 	C:\WINDOWS\System32\bcryptPrimitives.dll
0x00007fff1c580000 - 0x00007fff1c5a5000 	C:\Users\user\AppData\Local\Programs\Eclipse Adoptium\jdk-17.0.15.6-hotspot\bin\java.dll
0x00007ffecb430000 - 0x00007ffecb507000 	C:\Users\user\AppData\Local\Programs\Eclipse Adoptium\jdk-17.0.15.6-hotspot\bin\jsvml.dll
0x00007fff2dac0000 - 0x00007fff2e1ed000 	C:\WINDOWS\System32\SHELL32.dll
0x00007fff2cea0000 - 0x00007fff2d014000 	C:\WINDOWS\System32\wintypes.dll
0x00007fff2a060000 - 0x00007fff2a8b6000 	C:\WINDOWS\SYSTEM32\windows.storage.dll
0x00007fff2f120000 - 0x00007fff2f20f000 	C:\WINDOWS\System32\SHCORE.dll
0x00007fff2e810000 - 0x00007fff2e879000 	C:\WINDOWS\System32\shlwapi.dll
0x00007fff2c300000 - 0x00007fff2c32f000 	C:\WINDOWS\SYSTEM32\profapi.dll
0x00007fff1b410000 - 0x00007fff1b429000 	C:\Users\user\AppData\Local\Programs\Eclipse Adoptium\jdk-17.0.15.6-hotspot\bin\net.dll
0x00007fff212e0000 - 0x00007fff213fe000 	C:\WINDOWS\SYSTEM32\WINHTTP.dll
0x00007fff2b840000 - 0x00007fff2b8aa000 	C:\WINDOWS\system32\mswsock.dll
0x00007fff148d0000 - 0x00007fff148e6000 	C:\Users\user\AppData\Local\Programs\Eclipse Adoptium\jdk-17.0.15.6-hotspot\bin\nio.dll
0x00007fff148b0000 - 0x00007fff148c8000 	C:\Users\user\AppData\Local\Programs\Eclipse Adoptium\jdk-17.0.15.6-hotspot\bin\zip.dll
0x00007fff18580000 - 0x00007fff18590000 	C:\Users\user\AppData\Local\Programs\Eclipse Adoptium\jdk-17.0.15.6-hotspot\bin\verify.dll
0x00007fff148a0000 - 0x00007fff148aa000 	C:\Users\user\AppData\Local\Programs\Eclipse Adoptium\jdk-17.0.15.6-hotspot\bin\management.dll
0x00007fff145b0000 - 0x00007fff145bb000 	C:\Users\user\AppData\Local\Programs\Eclipse Adoptium\jdk-17.0.15.6-hotspot\bin\management_ext.dll
0x00007fff2d3f0000 - 0x00007fff2d3f8000 	C:\WINDOWS\System32\PSAPI.DLL
0x00007fff122a0000 - 0x00007fff122c7000 	C:\Users\user\.gradle\native\1def1411415f61bf3af743bc5b6707747c0891f09f0c88961ee8f79bc544acac\windows-amd64\native-platform.dll
0x00007fff25de0000 - 0x00007fff25dea000 	C:\Users\user\.gradle\native\jansi\1.18\windows64\jansi.dll
0x00007fff2ad30000 - 0x00007fff2ad63000 	C:\WINDOWS\SYSTEM32\IPHLPAPI.DLL
0x00007fff2d950000 - 0x00007fff2d95a000 	C:\WINDOWS\System32\NSI.dll
0x00007fff21630000 - 0x00007fff2164f000 	C:\WINDOWS\SYSTEM32\dhcpcsvc6.DLL
0x00007fff21600000 - 0x00007fff21625000 	C:\WINDOWS\SYSTEM32\dhcpcsvc.DLL
0x00007fff2ae00000 - 0x00007fff2af27000 	C:\WINDOWS\SYSTEM32\DNSAPI.dll
0x00007fff12130000 - 0x00007fff12139000 	C:\Users\user\AppData\Local\Programs\Eclipse Adoptium\jdk-17.0.15.6-hotspot\bin\extnet.dll
0x00007fff2bae0000 - 0x00007fff2bafc000 	C:\WINDOWS\SYSTEM32\CRYPTSP.dll
0x00007fff2b230000 - 0x00007fff2b26a000 	C:\WINDOWS\system32\rsaenh.dll
0x00007fff2b8e0000 - 0x00007fff2b90b000 	C:\WINDOWS\SYSTEM32\USERENV.dll
0x00007fff2c2d0000 - 0x00007fff2c2f6000 	C:\WINDOWS\SYSTEM32\bcrypt.dll
0x00007fff2bb00000 - 0x00007fff2bb0c000 	C:\WINDOWS\SYSTEM32\CRYPTBASE.dll
0x00007fff147b0000 - 0x00007fff147be000 	C:\Users\user\AppData\Local\Programs\Eclipse Adoptium\jdk-17.0.15.6-hotspot\bin\sunmscapi.dll
0x00007fff2c540000 - 0x00007fff2c6b7000 	C:\WINDOWS\System32\CRYPT32.dll
0x00007fff2bcf0000 - 0x00007fff2bd20000 	C:\WINDOWS\SYSTEM32\ncrypt.dll
0x00007fff2bca0000 - 0x00007fff2bcdf000 	C:\WINDOWS\SYSTEM32\NTASN1.dll
0x00007ffef3f00000 - 0x00007ffef3f08000 	C:\WINDOWS\system32\wshunix.dll

dbghelp: loaded successfully - version: 4.0.5 - missing functions: none
symbol engine: initialized successfully - sym options: 0x614 - pdb path: .;C:\Users\user\AppData\Local\Programs\Eclipse Adoptium\jdk-17.0.15.6-hotspot\bin;C:\WINDOWS\SYSTEM32;C:\WINDOWS\WinSxS\amd64_microsoft.windows.common-controls_6595b64144ccf1df_6.0.26100.3912_none_3e07963ce335137e;C:\Users\user\AppData\Local\Programs\Eclipse Adoptium\jdk-17.0.15.6-hotspot\bin\server;C:\Users\user\.gradle\native\1def1411415f61bf3af743bc5b6707747c0891f09f0c88961ee8f79bc544acac\windows-amd64;C:\Users\user\.gradle\native\jansi\1.18\windows64

VM Arguments:
jvm_args: -Xmx64m -Xms64m -Dorg.gradle.appname=gradlew 
java_command: org.gradle.wrapper.GradleWrapperMain app:installDebug -PreactNativeDevServerPort=8081
java_class_path (initial): C:\Users\user\Desktop\eatme\OpenSourceTeam\NewProjectName\android\\gradle\wrapper\gradle-wrapper.jar
Launcher Type: SUN_STANDARD

[Global flags]
     intx CICompilerCount                          = 4                                         {product} {ergonomic}
     uint ConcGCThreads                            = 2                                         {product} {ergonomic}
     uint G1ConcRefinementThreads                  = 8                                         {product} {ergonomic}
   size_t G1HeapRegionSize                         = 1048576                                   {product} {ergonomic}
    uintx GCDrainStackTargetSize                   = 64                                        {product} {ergonomic}
   size_t InitialHeapSize                          = 67108864                                  {product} {command line}
   size_t MarkStackSize                            = 4194304                                   {product} {ergonomic}
   size_t MaxHeapSize                              = 67108864                                  {product} {command line}
   size_t MaxNewSize                               = 39845888                                  {product} {ergonomic}
   size_t MinHeapDeltaBytes                        = 1048576                                   {product} {ergonomic}
   size_t MinHeapSize                              = 67108864                                  {product} {command line}
    uintx NonNMethodCodeHeapSize                   = 5839372                                {pd product} {ergonomic}
    uintx NonProfiledCodeHeapSize                  = 122909434                              {pd product} {ergonomic}
    uintx ProfiledCodeHeapSize                     = 122909434                              {pd product} {ergonomic}
    uintx ReservedCodeCacheSize                    = 251658240                              {pd product} {ergonomic}
     bool SegmentedCodeCache                       = true                                      {product} {ergonomic}
   size_t SoftMaxHeapSize                          = 67108864                               {manageable} {ergonomic}
     bool UseCompressedClassPointers               = true                           {product lp64_product} {ergonomic}
     bool UseCompressedOops                        = true                           {product lp64_product} {ergonomic}
     bool UseG1GC                                  = true                                      {product} {ergonomic}
     bool UseLargePagesIndividualAllocation        = false                                  {pd product} {ergonomic}

Logging:
Log output configuration:
 #0: stdout all=warning uptime,level,tags
 #1: stderr all=off uptime,level,tags

Environment Variables:
JAVA_HOME=C:\Users\user\AppData\Local\Programs\Eclipse Adoptium\jdk-17.0.15.6-hotspot
CLASSPATH=C:\Users\user\Desktop\eatme\OpenSourceTeam\NewProjectName\android\\gradle\wrapper\gradle-wrapper.jar
PATH=C:\Users\user\Desktop\eatme\OpenSourceTeam\NewProjectName\node_modules\.bin;C:\Users\user\Desktop\eatme\OpenSourceTeam\NewProjectName\node_modules\.bin;C:\Users\user\Desktop\eatme\OpenSourceTeam\node_modules\.bin;C:\Users\user\Desktop\eatme\node_modules\.bin;C:\Users\user\Desktop\node_modules\.bin;C:\Users\user\node_modules\.bin;C:\Users\node_modules\.bin;C:\node_modules\.bin;C:\Program Files\nodejs\node_modules\npm\node_modules\@npmcli\run-script\lib\node-gyp-bin;C:\Users\user\AppData\Local\Programs\Eclipse Adoptium\jdk-17.0.15.6-hotspot\bin;C:\Program Files (x86)\VMware\VMware Player\bin\;C:\WINDOWS\system32;C:\WINDOWS;C:\WINDOWS\System32\Wbem;C:\WINDOWS\System32\WindowsPowerShell\v1.0\;C:\WINDOWS\System32\OpenSSH\;C:\Program Files\Java\jdk-19;C:\Program Files\PuTTY\;C:\Program Files\nodejs\;C:\Program Files\MATLAB\R2024b\bin;C:\Program Files\Git\cmd;C:\Program Files\Bandizip\;C:\Users\user\AppData\Local\Android\Sdk\platform-tools;C:\Users\user\AppData\Local\Android\Sdk\emulator;C:\Users\user\AppData\Local\Android\Sdk\tools;C:\Users\user\AppData\Local\Android\Sdk\tools\bin;c:\Users\user\AppData\Local\Programs\cursor\resources\app\bin;C:\Users\user\Downloads\w64devkit\bin;C:\Users\user\AppData\Local\Programs\Eclipse Adoptium\jdk-17.0.15.6-hotspot\bin;C:\Scoop\apps\vscode\current\bin;C:\Scoop\apps\nodejs-lts\current\bin;C:\Scoop\apps\nodejs-lts\current;C:\Scoop\shims;C:\Program Files\MySQL\MySQL Shell 8.0\bin\;C:\Users\user\AppData\Local\Programs\Python\Python39\Scripts\;C:\Users\user\AppData\Local\Programs\Python\Python39\;C:\Users\user\AppData\Local\Microsoft\WindowsApps;C:\Program Files\JetBrains\PyCharm Community Edition 2021.2.3\bin;C:\Users\user\x86_64-8.1.0-release-posix-seh-rt_v6-rev0\mingw64\bin;C:\Users\user\AppData\Local\Programs\Microsoft VS Code\bin;C:\Users\user\AppData\Roaming\npm;C:\Users\user\AppData\Local\Microsoft\WindowsApps;C:\Users\user\AppData\Local\Android\Sdk\platform-tools;C:\Users\user\AppData\Local\Android\Sdk\emulator;C:\Users\user\AppData\Local\Programs\cursor\resources\app\bin
USERNAME=user
LANG=en_US.UTF-8
OS=Windows_NT
PROCESSOR_IDENTIFIER=Intel64 Family 6 Model 140 Stepping 1, GenuineIntel
TMP=C:\Users\user\AppData\Local\Temp
TEMP=C:\Users\user\AppData\Local\Temp



Periodic native trim disabled


---------------  S Y S T E M  ---------------

OS:
 Windows 11 , 64 bit Build 26100 (10.0.26100.3912)
OS uptime: 0 days 1:11 hours

CPU: total 8 (initial active 8) (4 cores per cpu, 2 threads per core) family 6 model 140 stepping 1 microcode 0x8a, cx8, cmov, fxsr, ht, mmx, 3dnowpref, sse, sse2, sse3, ssse3, sse4.1, sse4.2, popcnt, lzcnt, tsc, tscinvbit, avx, avx2, aes, erms, clmul, bmi1, bmi2, adx, avx512f, avx512dq, avx512cd, avx512bw, avx512vl, sha, fma, vzeroupper, avx512_vpopcntdq, avx512_vpclmulqdq, avx512_vaes, avx512_vnni, clflush, clflushopt, clwb, avx512_vbmi2, avx512_vbmi
Processor Information for processor 0
  Max Mhz: 2803, Current Mhz: 2803, Mhz Limit: 2803
Processor Information for processor 1
  Max Mhz: 2803, Current Mhz: 2803, Mhz Limit: 2803
Processor Information for processor 2
  Max Mhz: 2803, Current Mhz: 2803, Mhz Limit: 2803
Processor Information for processor 3
  Max Mhz: 2803, Current Mhz: 2803, Mhz Limit: 2803
Processor Information for processor 4
  Max Mhz: 2803, Current Mhz: 2803, Mhz Limit: 2803
Processor Information for processor 5
  Max Mhz: 2803, Current Mhz: 1001, Mhz Limit: 2803
Processor Information for processor 6
  Max Mhz: 2803, Current Mhz: 2803, Mhz Limit: 2803
Processor Information for processor 7
  Max Mhz: 2803, Current Mhz: 2803, Mhz Limit: 2803

Memory: 4k page, system-wide physical 16092M (1653M free)
TotalPageFile size 18999M (AvailPageFile size 0M)
current process WorkingSet (physical memory assigned to process): 107M, peak: 117M
current process commit charge ("private bytes"): 166M, peak: 176M

vm_info: OpenJDK 64-Bit Server VM (17.0.15+6) for windows-amd64 JRE (17.0.15+6), built on Apr 15 2025 21:25:47 by "admin" with MS VC++ 17.7 (VS2022)

END.
